{
  "0 debug pnpm:scope": {
    "selected": 1
  },
  "1 debug pnpm:package-manifest": {
    "initial": {
      "name": "personal-website-v3",
      "version": "0.1.0",
      "private": true,
      "scripts": {
        "dev": "next dev",
        "build": "next build",
        "start": "next start",
        "lint": "next lint"
      },
      "dependencies": {
        "framer-motion": "^7.5.3",
        "next": "12",
        "next-seo": "^4.26.0",
        "next-themes": "^0.2.0",
        "react": "^18.2.0",
        "react-dom": "^18.2.0"
      },
      "devDependencies": {
        "@types/node": "^18.0.6",
        "@types/react": "^18.0.21",
        "autoprefixer": "^10.4.7",
        "eslint": "7.32.0",
        "eslint-config-next": "11.1.2",
        "postcss": "^8.4.14",
        "tailwindcss": "^3.1.6",
        "typescript": "4.4.3"
      }
    },
    "prefix": "/home/juanchristian/workspace/juanchristian.com"
  },
  "2 debug pnpm:context": {
    "currentLockfileExists": false,
    "storeDir": "/home/juanchristian/.local/share/pnpm/store/v3",
    "virtualStoreDir": "/home/juanchristian/workspace/juanchristian.com/node_modules/.pnpm"
  },
  "3 debug pnpm:stage": {
    "prefix": "/home/juanchristian/workspace/juanchristian.com",
    "stage": "resolution_started"
  },
  "4 error pnpm": {
    "code": "ENOENT",
    "pkgsStack": [],
    "err": {
      "name": "pnpm",
      "message": "not found: node",
      "code": "ENOENT",
      "stack": "pnpm: not found: node\n    at getNotFoundError (/snapshot/dist/pnpm.cjs)\n    at Function.whichSync [as sync] (/snapshot/dist/pnpm.cjs)\n    at getCommandAbsolutePathSync (/snapshot/dist/pnpm.cjs)\n    at Object.sync (/snapshot/dist/pnpm.cjs)\n    at getSystemNodeVersionNonCached (/snapshot/dist/pnpm.cjs)\n    at getSystemNodeVersionNonCached (/snapshot/dist/pnpm.cjs)\n    at checkPackage (/snapshot/dist/pnpm.cjs)\n    at packageIsInstallable (/snapshot/dist/pnpm.cjs)\n    at resolveAndFetch (/snapshot/dist/pnpm.cjs)\n    at async resolveDependency (/snapshot/dist/pnpm.cjs)"
    }
  }
}